<?xml version="1.0" encoding="UTF-8"?>
<!-- Generated by org.testng.reporters.JUnitXMLReporter -->
<testsuite hostname="DESKTOP-V7C7E14" ignored="1" name="Default test(failed)" tests="1" failures="1" timestamp="05 Mar 2020 10:15:51 GMT" time="0.036" errors="0">
  <testcase name="tc1" time="0.009" classname="sam.mas.B">
    <failure type="java.lang.ArithmeticException" message="/ by zero">
      <![CDATA[java.lang.ArithmeticException: / by zero
at sam.mas.B.tc1(B.java:9)
... Removed 25 stack frames]]>
    </failure>
  </testcase> <!-- tc1 -->
  <testcase name="tc2" time="0.0" classname="sam.mas.B">
    <ignored/>
  </testcase> <!-- tc2 -->
</testsuite> <!-- Default test(failed) -->
