<?xml version="1.0" encoding="UTF-8"?>
<!-- Generated by org.testng.reporters.JUnitXMLReporter -->
<testsuite hostname="DESKTOP-V7C7E14" ignored="0" name="Test" tests="7" failures="1" timestamp="05 Mar 2020 11:39:06 GMT" time="0.081" errors="0">
  <testcase name="tc1" time="0.015" classname="sam.mas.A">
    <skipped/>
  </testcase> <!-- tc1 -->
  <testcase name="tc1" time="0.002" classname="sam.mas.A">
    <skipped/>
  </testcase> <!-- tc1 -->
  <testcase name="tc1" time="0.003" classname="sam.mas.A">
    <skipped/>
  </testcase> <!-- tc1 -->
  <testcase name="tc1" time="0.002" classname="sam.mas.A">
    <skipped/>
  </testcase> <!-- tc1 -->
  <testcase name="tc1" time="0.002" classname="sam.mas.A">
    <skipped/>
  </testcase> <!-- tc1 -->
  <testcase name="tc1" time="0.002" classname="sam.mas.A">
    <failure type="java.lang.ArithmeticException" message="/ by zero">
      <![CDATA[java.lang.ArithmeticException: / by zero
at sam.mas.A.tc1(A.java:8)
... Removed 25 stack frames]]>
    </failure>
  </testcase> <!-- tc1 -->
  <testcase name="tc2" time="0.001" classname="sam.mas.A"/>
</testsuite> <!-- Test -->
